0 info it worked if it ends with ok
1 verbose cli [ '/usr/bin/nodejs',
1 verbose cli   '/usr/bin/npm',
1 verbose cli   'install',
1 verbose cli   'https://github.com/gerdmestdagh/embedded-device-connector.git' ]
2 info using npm@3.8.6
3 info using node@v5.11.1
4 silly loadCurrentTree Starting
5 silly install loadCurrentTree
6 silly install readLocalPackageData
7 silly fetchPackageMetaData https://github.com/gerdmestdagh/embedded-device-connector.git
8 silly fetchOtherPackageData https://github.com/gerdmestdagh/embedded-device-connector.git
9 silly cache add args [ 'https://github.com/gerdmestdagh/embedded-device-connector.git',
9 silly cache add   null ]
10 verbose cache add spec https://github.com/gerdmestdagh/embedded-device-connector.git
11 silly cache add parsed spec Result {
11 silly cache add   raw: 'https://github.com/gerdmestdagh/embedded-device-connector.git',
11 silly cache add   scope: null,
11 silly cache add   name: null,
11 silly cache add   rawSpec: 'https://github.com/gerdmestdagh/embedded-device-connector.git',
11 silly cache add   spec: 'git+https://github.com/gerdmestdagh/embedded-device-connector.git',
11 silly cache add   type: 'hosted',
11 silly cache add   hosted:
11 silly cache add    { type: 'github',
11 silly cache add      ssh: 'git@github.com:gerdmestdagh/embedded-device-connector.git',
11 silly cache add      sshUrl: 'git+ssh://git@github.com/gerdmestdagh/embedded-device-connector.git',
11 silly cache add      httpsUrl: 'git+https://github.com/gerdmestdagh/embedded-device-connector.git',
11 silly cache add      gitUrl: 'git://github.com/gerdmestdagh/embedded-device-connector.git',
11 silly cache add      shortcut: 'github:gerdmestdagh/embedded-device-connector',
11 silly cache add      directUrl: 'https://raw.githubusercontent.com/gerdmestdagh/embedded-device-connector/master/package.json' } }
12 verbose addRemoteGit caching https://github.com/gerdmestdagh/embedded-device-connector.git
13 verbose addRemoteGit git+https://github.com/gerdmestdagh/embedded-device-connector.git is a repository hosted by github
14 silly tryClone cloning git+https://github.com/gerdmestdagh/embedded-device-connector.git via git+https://github.com/gerdmestdagh/embedded-device-connector.git
15 verbose tryClone git-https-github-com-gerdmestdagh-embedded-device-connector-git-c8d0aab9 not in flight; caching
16 verbose correctMkdir /home/pi/.npm/_git-remotes correctMkdir not in flight; initializing
17 info git [ 'config', '--get', 'remote.origin.url' ]
18 silly validateExistingRemote git+https://github.com/gerdmestdagh/embedded-device-connector.git remote.origin.url: https://github.com/gerdmestdagh/embedded-device-connector.git
19 verbose validateExistingRemote git+https://github.com/gerdmestdagh/embedded-device-connector.git is updating existing cached remote /home/pi/.npm/_git-remotes/git-https-github-com-gerdmestdagh-embedded-device-connector-git-c8d0aab9
20 info git [ 'fetch', '-a', 'origin' ]
21 verbose updateRemote git fetch -a origin (https://github.com/gerdmestdagh/embedded-device-connector.git)
22 verbose correctMkdir /home/pi/.npm/_git-remotes correctMkdir not in flight; initializing
23 verbose setPermissions git+https://github.com/gerdmestdagh/embedded-device-connector.git set permissions on /home/pi/.npm/_git-remotes/git-https-github-com-gerdmestdagh-embedded-device-connector-git-c8d0aab9
24 verbose resolveHead git+https://github.com/gerdmestdagh/embedded-device-connector.git original treeish: master
25 info git [ 'rev-list', '-n1', 'master' ]
26 silly resolveHead git+https://github.com/gerdmestdagh/embedded-device-connector.git resolved treeish: b71a86ab4ffd1f6ad02b60012ac0ccb0e605ea51
27 verbose resolveHead git+https://github.com/gerdmestdagh/embedded-device-connector.git resolved Git URL: git+https://github.com/gerdmestdagh/embedded-device-connector.git#b71a86ab4ffd1f6ad02b60012ac0ccb0e605ea51
28 silly resolveHead Git working directory: /tmp/npm-12706-317e7c20/git-cache-b2a3bf29/b71a86ab4ffd1f6ad02b60012ac0ccb0e605ea51
29 info git [ 'clone',
29 info git   '/home/pi/.npm/_git-remotes/git-https-github-com-gerdmestdagh-embedded-device-connector-git-c8d0aab9',
29 info git   '/tmp/npm-12706-317e7c20/git-cache-b2a3bf29/b71a86ab4ffd1f6ad02b60012ac0ccb0e605ea51' ]
30 verbose cloneResolved git+https://github.com/gerdmestdagh/embedded-device-connector.git clone Cloning into '/tmp/npm-12706-317e7c20/git-cache-b2a3bf29/b71a86ab4ffd1f6ad02b60012ac0ccb0e605ea51'...
30 verbose cloneResolved done.
31 info git [ 'checkout', 'b71a86ab4ffd1f6ad02b60012ac0ccb0e605ea51' ]
32 verbose checkoutTreeish git+https://github.com/gerdmestdagh/embedded-device-connector.git checkout Note: checking out 'b71a86ab4ffd1f6ad02b60012ac0ccb0e605ea51'.
32 verbose checkoutTreeish
32 verbose checkoutTreeish You are in 'detached HEAD' state. You can look around, make experimental
32 verbose checkoutTreeish changes and commit them, and you can discard any commits you make in this
32 verbose checkoutTreeish state without impacting any branches by performing another checkout.
32 verbose checkoutTreeish
32 verbose checkoutTreeish If you want to create a new branch to retain commits you create, you may
32 verbose checkoutTreeish do so (now or later) by using -b with the checkout command again. Example:
32 verbose checkoutTreeish
32 verbose checkoutTreeish   git checkout -b new_branch_name
32 verbose checkoutTreeish
32 verbose checkoutTreeish HEAD is now at b71a86a... package.json fix
33 info git [ 'submodule', '-q', 'update', '--init', '--recursive' ]
34 verbose updateSubmodules git+https://github.com/gerdmestdagh/embedded-device-connector.git submodule update
35 verbose addLocalDirectory /home/pi/.npm/embedded-device-connector/1.0.0/package.tgz not in flight; packing
36 verbose correctMkdir /home/pi/.npm correctMkdir not in flight; initializing
37 verbose tar pack [ '/home/pi/.npm/embedded-device-connector/1.0.0/package.tgz',
37 verbose tar pack   '/tmp/npm-12706-317e7c20/git-cache-b2a3bf29/b71a86ab4ffd1f6ad02b60012ac0ccb0e605ea51' ]
38 verbose tarball /home/pi/.npm/embedded-device-connector/1.0.0/package.tgz
39 verbose folder /tmp/npm-12706-317e7c20/git-cache-b2a3bf29/b71a86ab4ffd1f6ad02b60012ac0ccb0e605ea51
40 verbose addLocalTarball adding from inside cache /home/pi/.npm/embedded-device-connector/1.0.0/package.tgz
41 verbose correctMkdir /home/pi/.npm correctMkdir not in flight; initializing
42 verbose addRemoteGit data._from: git+https://github.com/gerdmestdagh/embedded-device-connector.git
43 verbose addRemoteGit data._resolved: git+https://github.com/gerdmestdagh/embedded-device-connector.git#b71a86ab4ffd1f6ad02b60012ac0ccb0e605ea51
44 silly cache afterAdd embedded-device-connector@1.0.0
45 verbose afterAdd /home/pi/.npm/embedded-device-connector/1.0.0/package/package.json not in flight; writing
46 verbose correctMkdir /home/pi/.npm correctMkdir not in flight; initializing
47 verbose afterAdd /home/pi/.npm/embedded-device-connector/1.0.0/package/package.json written
48 silly install normalizeTree
49 silly loadCurrentTree Finishing
50 silly loadIdealTree Starting
51 silly install loadIdealTree
52 silly cloneCurrentTree Starting
53 silly install cloneCurrentTreeToIdealTree
54 silly cloneCurrentTree Finishing
55 silly loadShrinkwrap Starting
56 silly install loadShrinkwrap
57 silly loadShrinkwrap Finishing
58 silly loadAllDepsIntoIdealTree Starting
59 silly install loadAllDepsIntoIdealTree
60 silly rollbackFailedOptional Starting
61 silly rollbackFailedOptional Finishing
62 silly runTopLevelLifecycles Starting
63 silly runTopLevelLifecycles Finishing
64 silly install printInstalled
65 verbose stack Error: Refusing to install embedded-device-connector as a dependency of itself
65 verbose stack     at checkSelf (/usr/lib/node_modules/npm/lib/install/validate-args.js:53:14)
65 verbose stack     at Array.<anonymous> (/usr/lib/node_modules/npm/node_modules/slide/lib/bind-actor.js:15:8)
65 verbose stack     at LOOP (/usr/lib/node_modules/npm/node_modules/slide/lib/chain.js:15:14)
65 verbose stack     at chain (/usr/lib/node_modules/npm/node_modules/slide/lib/chain.js:20:5)
65 verbose stack     at /usr/lib/node_modules/npm/lib/install/validate-args.js:16:5
65 verbose stack     at /usr/lib/node_modules/npm/node_modules/slide/lib/async-map.js:52:35
65 verbose stack     at Array.forEach (native)
65 verbose stack     at /usr/lib/node_modules/npm/node_modules/slide/lib/async-map.js:52:11
65 verbose stack     at Array.forEach (native)
65 verbose stack     at asyncMap (/usr/lib/node_modules/npm/node_modules/slide/lib/async-map.js:51:8)
66 verbose cwd /home/pi/data/embedded-device-connector
67 error Linux 4.4.11-v7+
68 error argv "/usr/bin/nodejs" "/usr/bin/npm" "install" "https://github.com/gerdmestdagh/embedded-device-connector.git"
69 error node v5.11.1
70 error npm  v3.8.6
71 error code ENOSELF
72 error Refusing to install embedded-device-connector as a dependency of itself
73 error If you need help, you may report this error at:
73 error     <https://github.com/npm/npm/issues>
74 verbose exit [ 1, true ]
